<?xml version="1.0" encoding="UTF-8"?>
<testsuite name="com.example.demo.contracts.ContractVerifierBase" time="0" tests="1" errors="0" skipped="1" failures="0">
  <properties>
    <property name="java.runtime.name" value="Java(TM) SE Runtime Environment"/>
    <property name="sun.boot.library.path" value="/Library/Java/JavaVirtualMachines/jdk1.8.0_71.jdk/Contents/Home/jre/lib"/>
    <property name="java.vm.version" value="25.71-b15"/>
    <property name="user.country.format" value="JP"/>
    <property name="gopherProxySet" value="false"/>
    <property name="java.vm.vendor" value="Oracle Corporation"/>
    <property name="maven.multiModuleProjectDirectory" value="/Users/tkaburagi/Documents/sts/spring-cloud-contracts-workshop/greeting-producer"/>
    <property name="java.vendor.url" value="http://java.oracle.com/"/>
    <property name="path.separator" value=":"/>
    <property name="guice.disable.misplaced.annotation.check" value="true"/>
    <property name="java.vm.name" value="Java HotSpot(TM) 64-Bit Server VM"/>
    <property name="file.encoding.pkg" value="sun.io"/>
    <property name="user.country" value="US"/>
    <property name="sun.java.launcher" value="SUN_STANDARD"/>
    <property name="sun.os.patch.level" value="unknown"/>
    <property name="test" value="GreetingProducerApplicationTests,ContractVerifierBase"/>
    <property name="java.vm.specification.name" value="Java Virtual Machine Specification"/>
    <property name="user.dir" value="/Users/tkaburagi/Documents/sts/spring-cloud-contracts-workshop/greeting-producer"/>
    <property name="java.runtime.version" value="1.8.0_71-b15"/>
    <property name="java.awt.graphicsenv" value="sun.awt.CGraphicsEnvironment"/>
    <property name="java.endorsed.dirs" value="/Library/Java/JavaVirtualMachines/jdk1.8.0_71.jdk/Contents/Home/jre/lib/endorsed"/>
    <property name="os.arch" value="x86_64"/>
    <property name="java.io.tmpdir" value="/var/folders/hc/rjstf40n5czfpd8hl89s887m0000gn/T/"/>
    <property name="line.separator" value="&#10;"/>
    <property name="java.vm.specification.vendor" value="Oracle Corporation"/>
    <property name="os.name" value="Mac OS X"/>
    <property name="classworlds.conf" value="/usr/local/bin/apache-maven-3.3.9/bin/m2.conf"/>
    <property name="sun.jnu.encoding" value="UTF-8"/>
    <property name="java.library.path" value="/Users/tkaburagi/Library/Java/Extensions:/Library/Java/Extensions:/Network/Library/Java/Extensions:/System/Library/Java/Extensions:/usr/lib/java:."/>
    <property name="java.specification.name" value="Java Platform API Specification"/>
    <property name="java.class.version" value="52.0"/>
    <property name="sun.management.compiler" value="HotSpot 64-Bit Tiered Compilers"/>
    <property name="os.version" value="10.11.6"/>
    <property name="http.nonProxyHosts" value="local|*.local|169.254/16|*.169.254/16|local.pcfdev.io|*.local.pcfdev.io"/>
    <property name="user.home" value="/Users/tkaburagi"/>
    <property name="user.timezone" value="Asia/Tokyo"/>
    <property name="java.awt.printerjob" value="sun.lwawt.macosx.CPrinterJob"/>
    <property name="java.specification.version" value="1.8"/>
    <property name="file.encoding" value="UTF-8"/>
    <property name="user.name" value="tkaburagi"/>
    <property name="java.class.path" value="/usr/local/bin/apache-maven-3.3.9/boot/plexus-classworlds-2.5.2.jar"/>
    <property name="java.vm.specification.version" value="1.8"/>
    <property name="sun.arch.data.model" value="64"/>
    <property name="java.home" value="/Library/Java/JavaVirtualMachines/jdk1.8.0_71.jdk/Contents/Home/jre"/>
    <property name="sun.java.command" value="org.codehaus.plexus.classworlds.launcher.Launcher test -Dtest=GreetingProducerApplicationTests,ContractVerifierBase"/>
    <property name="java.specification.vendor" value="Oracle Corporation"/>
    <property name="user.language" value="en"/>
    <property name="awt.toolkit" value="sun.lwawt.macosx.LWCToolkit"/>
    <property name="java.vm.info" value="mixed mode"/>
    <property name="java.version" value="1.8.0_71"/>
    <property name="java.ext.dirs" value="/Users/tkaburagi/Library/Java/Extensions:/Library/Java/JavaVirtualMachines/jdk1.8.0_71.jdk/Contents/Home/jre/lib/ext:/Library/Java/Extensions:/Network/Library/Java/Extensions:/System/Library/Java/Extensions:/usr/lib/java"/>
    <property name="sun.boot.class.path" value="/Library/Java/JavaVirtualMachines/jdk1.8.0_71.jdk/Contents/Home/jre/lib/resources.jar:/Library/Java/JavaVirtualMachines/jdk1.8.0_71.jdk/Contents/Home/jre/lib/rt.jar:/Library/Java/JavaVirtualMachines/jdk1.8.0_71.jdk/Contents/Home/jre/lib/sunrsasign.jar:/Library/Java/JavaVirtualMachines/jdk1.8.0_71.jdk/Contents/Home/jre/lib/jsse.jar:/Library/Java/JavaVirtualMachines/jdk1.8.0_71.jdk/Contents/Home/jre/lib/jce.jar:/Library/Java/JavaVirtualMachines/jdk1.8.0_71.jdk/Contents/Home/jre/lib/charsets.jar:/Library/Java/JavaVirtualMachines/jdk1.8.0_71.jdk/Contents/Home/jre/lib/jfr.jar:/Library/Java/JavaVirtualMachines/jdk1.8.0_71.jdk/Contents/Home/jre/classes"/>
    <property name="java.vendor" value="Oracle Corporation"/>
    <property name="maven.home" value="/usr/local/bin/apache-maven-3.3.9"/>
    <property name="file.separator" value="/"/>
    <property name="java.vendor.url.bug" value="http://bugreport.sun.com/bugreport/"/>
    <property name="sun.cpu.endian" value="little"/>
    <property name="sun.io.unicode.encoding" value="UnicodeBig"/>
    <property name="socksNonProxyHosts" value="local|*.local|169.254/16|*.169.254/16|local.pcfdev.io|*.local.pcfdev.io"/>
    <property name="ftp.nonProxyHosts" value="local|*.local|169.254/16|*.169.254/16|local.pcfdev.io|*.local.pcfdev.io"/>
    <property name="sun.cpu.isalist" value=""/>
  </properties>
  <testcase name="com.example.demo.contracts.ContractVerifierBase" classname="com.example.demo.contracts.ContractVerifierBase" time="0">
    <skipped/>
    <system-out><![CDATA[23:44:45.429 [main] DEBUG org.springframework.test.context.junit4.SpringJUnit4ClassRunner - SpringJUnit4ClassRunner constructor called with [class com.example.demo.GreetingProducerApplicationTests]
23:44:45.434 [main] DEBUG org.springframework.test.context.BootstrapUtils - Instantiating CacheAwareContextLoaderDelegate from class [org.springframework.test.context.cache.DefaultCacheAwareContextLoaderDelegate]
23:44:45.439 [main] DEBUG org.springframework.test.context.BootstrapUtils - Instantiating BootstrapContext using constructor [public org.springframework.test.context.support.DefaultBootstrapContext(java.lang.Class,org.springframework.test.context.CacheAwareContextLoaderDelegate)]
23:44:45.451 [main] DEBUG org.springframework.test.context.BootstrapUtils - Instantiating TestContextBootstrapper for test class [com.example.demo.GreetingProducerApplicationTests] from class [org.springframework.boot.test.context.SpringBootTestContextBootstrapper]
23:44:45.460 [main] INFO org.springframework.boot.test.context.SpringBootTestContextBootstrapper - Neither @ContextConfiguration nor @ContextHierarchy found for test class [com.example.demo.GreetingProducerApplicationTests], using SpringBootContextLoader
23:44:45.463 [main] DEBUG org.springframework.test.context.support.AbstractContextLoader - Did not detect default resource location for test class [com.example.demo.GreetingProducerApplicationTests]: class path resource [com/example/demo/GreetingProducerApplicationTests-context.xml] does not exist
23:44:45.463 [main] DEBUG org.springframework.test.context.support.AbstractContextLoader - Did not detect default resource location for test class [com.example.demo.GreetingProducerApplicationTests]: class path resource [com/example/demo/GreetingProducerApplicationTestsContext.groovy] does not exist
23:44:45.463 [main] INFO org.springframework.test.context.support.AbstractContextLoader - Could not detect default resource locations for test class [com.example.demo.GreetingProducerApplicationTests]: no resource found for suffixes {-context.xml, Context.groovy}.
23:44:45.464 [main] INFO org.springframework.test.context.support.AnnotationConfigContextLoaderUtils - Could not detect default configuration classes for test class [com.example.demo.GreetingProducerApplicationTests]: GreetingProducerApplicationTests does not declare any static, non-private, non-final, nested classes annotated with @Configuration.
23:44:45.490 [main] DEBUG org.springframework.test.context.support.ActiveProfilesUtils - Could not find an 'annotation declaring class' for annotation type [org.springframework.test.context.ActiveProfiles] and class [com.example.demo.GreetingProducerApplicationTests]
23:44:45.496 [main] DEBUG org.springframework.core.env.StandardEnvironment - Adding [systemProperties] PropertySource with lowest search precedence
23:44:45.497 [main] DEBUG org.springframework.core.env.StandardEnvironment - Adding [systemEnvironment] PropertySource with lowest search precedence
23:44:45.497 [main] DEBUG org.springframework.core.env.StandardEnvironment - Initialized StandardEnvironment with PropertySources [systemProperties,systemEnvironment]
23:44:45.505 [main] DEBUG org.springframework.core.io.support.PathMatchingResourcePatternResolver - Resolved classpath location [com/example/demo/] to resources [URL [file:/Users/tkaburagi/Documents/sts/spring-cloud-contracts-workshop/greeting-producer/target/test-classes/com/example/demo/], URL [file:/Users/tkaburagi/Documents/sts/spring-cloud-contracts-workshop/greeting-producer/target/classes/com/example/demo/]]
23:44:45.505 [main] DEBUG org.springframework.core.io.support.PathMatchingResourcePatternResolver - Looking for matching resources in directory tree [/Users/tkaburagi/Documents/sts/spring-cloud-contracts-workshop/greeting-producer/target/test-classes/com/example/demo]
23:44:45.505 [main] DEBUG org.springframework.core.io.support.PathMatchingResourcePatternResolver - Searching directory [/Users/tkaburagi/Documents/sts/spring-cloud-contracts-workshop/greeting-producer/target/test-classes/com/example/demo] for files matching pattern [/Users/tkaburagi/Documents/sts/spring-cloud-contracts-workshop/greeting-producer/target/test-classes/com/example/demo/*.class]
23:44:45.507 [main] DEBUG org.springframework.core.io.support.PathMatchingResourcePatternResolver - Looking for matching resources in directory tree [/Users/tkaburagi/Documents/sts/spring-cloud-contracts-workshop/greeting-producer/target/classes/com/example/demo]
23:44:45.507 [main] DEBUG org.springframework.core.io.support.PathMatchingResourcePatternResolver - Searching directory [/Users/tkaburagi/Documents/sts/spring-cloud-contracts-workshop/greeting-producer/target/classes/com/example/demo] for files matching pattern [/Users/tkaburagi/Documents/sts/spring-cloud-contracts-workshop/greeting-producer/target/classes/com/example/demo/*.class]
23:44:45.508 [main] DEBUG org.springframework.core.io.support.PathMatchingResourcePatternResolver - Resolved location pattern [classpath*:com/example/demo/*.class] to resources [file [/Users/tkaburagi/Documents/sts/spring-cloud-contracts-workshop/greeting-producer/target/test-classes/com/example/demo/GreetingProducerApplicationTests.class], file [/Users/tkaburagi/Documents/sts/spring-cloud-contracts-workshop/greeting-producer/target/classes/com/example/demo/Greeting.class], file [/Users/tkaburagi/Documents/sts/spring-cloud-contracts-workshop/greeting-producer/target/classes/com/example/demo/GreetingProducerApplication.class], file [/Users/tkaburagi/Documents/sts/spring-cloud-contracts-workshop/greeting-producer/target/classes/com/example/demo/GreetingService.class]]
23:44:45.545 [main] DEBUG org.springframework.context.annotation.ClassPathScanningCandidateComponentProvider - Identified candidate component class: file [/Users/tkaburagi/Documents/sts/spring-cloud-contracts-workshop/greeting-producer/target/classes/com/example/demo/GreetingProducerApplication.class]
23:44:45.546 [main] INFO org.springframework.boot.test.context.SpringBootTestContextBootstrapper - Found @SpringBootConfiguration com.example.demo.GreetingProducerApplication for test class com.example.demo.GreetingProducerApplicationTests
23:44:45.549 [main] DEBUG org.springframework.boot.test.context.SpringBootTestContextBootstrapper - @TestExecutionListeners is not present for class [com.example.demo.GreetingProducerApplicationTests]: using defaults.
23:44:45.552 [main] INFO org.springframework.boot.test.context.SpringBootTestContextBootstrapper - Loaded default TestExecutionListener class names from location [META-INF/spring.factories]: [org.springframework.boot.test.mock.mockito.MockitoTestExecutionListener, org.springframework.boot.test.mock.mockito.ResetMocksTestExecutionListener, org.springframework.boot.test.autoconfigure.restdocs.RestDocsTestExecutionListener, org.springframework.boot.test.autoconfigure.web.client.MockRestServiceServerResetTestExecutionListener, org.springframework.boot.test.autoconfigure.web.servlet.MockMvcPrintOnlyOnFailureTestExecutionListener, org.springframework.boot.test.autoconfigure.web.servlet.WebDriverTestExecutionListener, org.springframework.test.context.web.ServletTestExecutionListener, org.springframework.test.context.support.DirtiesContextBeforeModesTestExecutionListener, org.springframework.test.context.support.DependencyInjectionTestExecutionListener, org.springframework.test.context.support.DirtiesContextTestExecutionListener, org.springframework.test.context.transaction.TransactionalTestExecutionListener, org.springframework.test.context.jdbc.SqlScriptsTestExecutionListener]
23:44:45.560 [main] INFO org.springframework.boot.test.context.SpringBootTestContextBootstrapper - Could not instantiate TestExecutionListener [org.springframework.test.context.jdbc.SqlScriptsTestExecutionListener]. Specify custom listener classes or make the default listener classes (and their required dependencies) available. Offending class: [org/springframework/transaction/interceptor/TransactionAttribute]
23:44:45.560 [main] INFO org.springframework.boot.test.context.SpringBootTestContextBootstrapper - Could not instantiate TestExecutionListener [org.springframework.test.context.transaction.TransactionalTestExecutionListener]. Specify custom listener classes or make the default listener classes (and their required dependencies) available. Offending class: [org/springframework/transaction/interceptor/TransactionAttributeSource]
23:44:45.561 [main] INFO org.springframework.boot.test.context.SpringBootTestContextBootstrapper - Using TestExecutionListeners: [org.springframework.test.context.web.ServletTestExecutionListener@62fdb4a6, org.springframework.test.context.support.DirtiesContextBeforeModesTestExecutionListener@11e21d0e, org.springframework.boot.test.autoconfigure.SpringBootDependencyInjectionTestExecutionListener@1dd02175, org.springframework.test.context.support.DirtiesContextTestExecutionListener@31206beb, org.springframework.boot.test.autoconfigure.web.servlet.MockMvcPrintOnlyOnFailureTestExecutionListener@3e77a1ed, org.springframework.boot.test.mock.mockito.MockitoTestExecutionListener@3ffcd140, org.springframework.boot.test.autoconfigure.web.client.MockRestServiceServerResetTestExecutionListener@23bb8443, org.springframework.boot.test.mock.mockito.ResetMocksTestExecutionListener@1176dcec, org.springframework.boot.test.autoconfigure.restdocs.RestDocsTestExecutionListener@120d6fe6, org.springframework.boot.test.autoconfigure.web.servlet.WebDriverTestExecutionListener@4ba2ca36]
23:44:45.562 [main] DEBUG org.springframework.test.annotation.ProfileValueUtils - Retrieved @ProfileValueSourceConfiguration [null] for test class [com.example.demo.GreetingProducerApplicationTests]
23:44:45.563 [main] DEBUG org.springframework.test.annotation.ProfileValueUtils - Retrieved ProfileValueSource type [class org.springframework.test.annotation.SystemProfileValueSource] for class [com.example.demo.GreetingProducerApplicationTests]
]]></system-out>
  </testcase>
</testsuite>